2026-07-10 15:12:21,662 INFO o.a.j.u.JMeterUtils: Setting Locale to en_EN
2026-07-10 15:12:21,682 INFO o.a.j.JMeter: Loading user properties from: C:\Users\rutul\Downloads\softwares\Jmeter\apache-jmeter-5.6.3\apache-jmeter-5.6.3\bin\user.properties
2026-07-10 15:12:21,682 INFO o.a.j.JMeter: Loading system properties from: C:\Users\rutul\Downloads\softwares\Jmeter\apache-jmeter-5.6.3\apache-jmeter-5.6.3\bin\system.properties
2026-07-10 15:12:21,682 INFO o.a.j.JMeter: Copyright (c) 1998-2024 The Apache Software Foundation
2026-07-10 15:12:21,682 INFO o.a.j.JMeter: Version 5.6.3
2026-07-10 15:12:21,682 INFO o.a.j.JMeter: java.version=22.0.2
2026-07-10 15:12:21,682 INFO o.a.j.JMeter: java.vm.name=Java HotSpot(TM) 64-Bit Server VM
2026-07-10 15:12:21,682 INFO o.a.j.JMeter: os.name=Windows 11
2026-07-10 15:12:21,682 INFO o.a.j.JMeter: os.arch=amd64
2026-07-10 15:12:21,682 INFO o.a.j.JMeter: os.version=10.0
2026-07-10 15:12:21,682 INFO o.a.j.JMeter: file.encoding=UTF-8
2026-07-10 15:12:21,682 INFO o.a.j.JMeter: java.awt.headless=true
2026-07-10 15:12:21,682 INFO o.a.j.JMeter: Max memory     =1073741824
2026-07-10 15:12:21,682 INFO o.a.j.JMeter: Available Processors =12
2026-07-10 15:12:21,701 INFO o.a.j.JMeter: Default Locale=English (EN)
2026-07-10 15:12:21,701 INFO o.a.j.JMeter: JMeter  Locale=English (EN)
2026-07-10 15:12:21,701 INFO o.a.j.JMeter: JMeterHome=C:\Users\rutul\Downloads\softwares\Jmeter\apache-jmeter-5.6.3\apache-jmeter-5.6.3
2026-07-10 15:12:21,701 INFO o.a.j.JMeter: user.dir  =C:\Users\rutul\Documents\Jobs\Rutull\India\Fynext\MissionQa--Rutull-master\MissionQa--Rutull-master\jmeter
2026-07-10 15:12:21,701 INFO o.a.j.JMeter: PWD       =C:\Users\rutul\Documents\Jobs\Rutull\India\Fynext\MissionQa--Rutull-master\MissionQa--Rutull-master\jmeter
2026-07-10 15:12:21,886 INFO o.a.j.JMeter: IP: 192.168.1.5 Name: Rutul FullName: 192.168.1.5
2026-07-10 15:12:21,907 INFO o.a.j.JMeter: Setting property 'jmeter.reportgenerator.outputdir' to:'C:\Users\rutul\Documents\Jobs\Rutull\India\Fynext\MissionQa--Rutull-master\MissionQa--Rutull-master\jmeter\html-report'
2026-07-10 15:12:21,918 INFO o.a.j.s.FileServer: Default base='C:\Users\rutul\Documents\Jobs\Rutull\India\Fynext\MissionQa--Rutull-master\MissionQa--Rutull-master\jmeter'
2026-07-10 15:12:21,918 INFO o.a.j.s.FileServer: Set new base='C:\Users\rutul\Documents\Jobs\Rutull\India\Fynext\MissionQa--Rutull-master\MissionQa--Rutull-master\jmeter'
2026-07-10 15:12:22,142 INFO o.a.j.s.SaveService: Testplan (JMX) version: 2.2. Testlog (JTL) version: 2.2
2026-07-10 15:12:22,173 INFO o.a.j.s.SaveService: Using SaveService properties version 5.0
2026-07-10 15:12:22,188 INFO o.a.j.s.SaveService: Using SaveService properties file encoding UTF-8
2026-07-10 15:12:22,188 INFO o.a.j.s.SaveService: Loading file: Thread_Group_1_Rt.jmx
2026-07-10 15:12:22,252 INFO o.a.j.p.h.s.HTTPSamplerBase: Parser for text/html is org.apache.jmeter.protocol.http.parser.LagartoBasedHtmlParser
2026-07-10 15:12:22,252 INFO o.a.j.p.h.s.HTTPSamplerBase: Parser for application/xhtml+xml is org.apache.jmeter.protocol.http.parser.LagartoBasedHtmlParser
2026-07-10 15:12:22,252 INFO o.a.j.p.h.s.HTTPSamplerBase: Parser for application/xml is org.apache.jmeter.protocol.http.parser.LagartoBasedHtmlParser
2026-07-10 15:12:22,252 INFO o.a.j.p.h.s.HTTPSamplerBase: Parser for text/xml is org.apache.jmeter.protocol.http.parser.LagartoBasedHtmlParser
2026-07-10 15:12:22,252 INFO o.a.j.p.h.s.HTTPSamplerBase: Parser for text/vnd.wap.wml is org.apache.jmeter.protocol.http.parser.RegexpHTMLParser
2026-07-10 15:12:22,252 INFO o.a.j.p.h.s.HTTPSamplerBase: Parser for text/css is org.apache.jmeter.protocol.http.parser.CssParser
2026-07-10 15:12:22,284 INFO o.a.j.JMeter: Creating summariser <summary>
2026-07-10 15:12:22,284 INFO o.a.j.r.d.ReportGenerator: ReportGenerator will use for Parsing the separator: ','
2026-07-10 15:12:22,284 INFO o.a.j.r.d.ReportGenerator: Will generate report at end of test from  results file: results.jtl
2026-07-10 15:12:22,284 INFO o.a.j.r.d.ReportGenerator: Reading report generator properties from: C:\Users\rutul\Downloads\softwares\Jmeter\apache-jmeter-5.6.3\apache-jmeter-5.6.3\bin\reportgenerator.properties
2026-07-10 15:12:22,284 INFO o.a.j.r.d.ReportGenerator: Merging with JMeter properties
2026-07-10 15:12:22,284 INFO o.a.j.r.c.ReportGeneratorConfiguration: Property 'jmeter.reportgenerator.temp_dir' not found, using default value 'temp' instead.
2026-07-10 15:12:22,300 INFO o.a.j.r.c.ReportGeneratorConfiguration: Property 'jmeter.reportgenerator.apdex_per_transaction' not found, using default value 'null' instead.
2026-07-10 15:12:22,300 INFO o.a.j.r.c.ReportGeneratorConfiguration: apdex_per_transaction is empty, not APDEX per transaction customization
2026-07-10 15:12:22,300 INFO o.a.j.r.c.ReportGeneratorConfiguration: Property 'jmeter.reportgenerator.sample_filter' not found, using default value 'null' instead.
2026-07-10 15:12:22,300 INFO o.a.j.r.c.ReportGeneratorConfiguration: Property 'jmeter.reportgenerator.report_title' not found, using default value 'null' instead.
2026-07-10 15:12:22,300 INFO o.a.j.r.c.ReportGeneratorConfiguration: Property 'jmeter.reportgenerator.start_date' not found, using default value 'null' instead.
2026-07-10 15:12:22,300 INFO o.a.j.r.c.ReportGeneratorConfiguration: Property 'jmeter.reportgenerator.end_date' not found, using default value 'null' instead.
2026-07-10 15:12:22,300 INFO o.a.j.r.c.ReportGeneratorConfiguration: Property 'jmeter.reportgenerator.date_format' not found, using default value 'null' instead.
2026-07-10 15:12:22,300 INFO o.a.j.r.c.ReportGeneratorConfiguration: Will use date range start date: null, end date: null
2026-07-10 15:12:22,300 INFO o.a.j.r.c.ReportGeneratorConfiguration: Property 'jmeter.reportgenerator.graph.totalTPS.exclude_controllers' not found, using default value 'false' instead.
2026-07-10 15:12:22,300 INFO o.a.j.r.c.ReportGeneratorConfiguration: Property 'jmeter.reportgenerator.graph.activeThreadsOverTime.exclude_controllers' not found, using default value 'false' instead.
2026-07-10 15:12:22,300 INFO o.a.j.r.c.ReportGeneratorConfiguration: Property 'jmeter.reportgenerator.graph.timeVsThreads.exclude_controllers' not found, using default value 'false' instead.
2026-07-10 15:12:22,300 INFO o.a.j.r.c.ReportGeneratorConfiguration: Property 'jmeter.reportgenerator.graph.responseTimeDistribution.exclude_controllers' not found, using default value 'false' instead.
2026-07-10 15:12:22,300 INFO o.a.j.r.c.ReportGeneratorConfiguration: Property 'jmeter.reportgenerator.graph.transactionsPerSecond.exclude_controllers' not found, using default value 'false' instead.
2026-07-10 15:12:22,300 INFO o.a.j.r.c.ReportGeneratorConfiguration: Property 'jmeter.reportgenerator.graph.responseTimePercentiles.exclude_controllers' not found, using default value 'false' instead.
2026-07-10 15:12:22,300 INFO o.a.j.r.c.ReportGeneratorConfiguration: Property 'jmeter.reportgenerator.graph.responseTimePercentilesOverTime.exclude_controllers' not found, using default value 'false' instead.
2026-07-10 15:12:22,300 INFO o.a.j.r.c.ReportGeneratorConfiguration: Property 'jmeter.reportgenerator.graph.responseTimesOverTime.exclude_controllers' not found, using default value 'false' instead.
2026-07-10 15:12:22,300 INFO o.a.j.r.c.ReportGeneratorConfiguration: Property 'jmeter.reportgenerator.graph.connectTimeOverTime.exclude_controllers' not found, using default value 'false' instead.
2026-07-10 15:12:22,300 INFO o.a.j.r.c.ReportGeneratorConfiguration: Property 'jmeter.reportgenerator.graph.latenciesOverTime.exclude_controllers' not found, using default value 'false' instead.
2026-07-10 15:12:22,300 INFO o.a.j.r.c.ReportGeneratorConfiguration: Property 'jmeter.reportgenerator.exporter.json.filters_only_sample_series' not found, using default value 'true' instead.
2026-07-10 15:12:22,300 INFO o.a.j.r.c.ReportGeneratorConfiguration: Property 'jmeter.reportgenerator.exporter.json.series_filter' not found, using default value '' instead.
2026-07-10 15:12:22,300 INFO o.a.j.r.c.ReportGeneratorConfiguration: Property 'jmeter.reportgenerator.exporter.json.show_controllers_only' not found, using default value 'false' instead.
2026-07-10 15:12:22,300 INFO o.a.j.r.c.ReportGeneratorConfiguration: Property 'jmeter.reportgenerator.exporter.html.filters_only_sample_series' not found, using default value 'true' instead.
2026-07-10 15:12:22,300 INFO o.a.j.r.c.ReportGeneratorConfiguration: Property 'jmeter.reportgenerator.exporter.html.series_filter' not found, using default value '' instead.
2026-07-10 15:12:22,300 INFO o.a.j.r.c.ReportGeneratorConfiguration: Property 'jmeter.reportgenerator.exporter.html.show_controllers_only' not found, using default value 'false' instead.
2026-07-10 15:12:22,315 INFO o.a.j.e.StandardJMeterEngine: Running the test!
2026-07-10 15:12:22,315 INFO o.a.j.s.SampleEvent: List of sample_variables: []
2026-07-10 15:12:22,315 INFO o.a.j.s.SampleEvent: List of sample_variables: []
2026-07-10 15:12:22,315 INFO o.a.j.e.u.CompoundVariable: Note: Function class names must contain the string: '.functions.'
2026-07-10 15:12:22,315 INFO o.a.j.e.u.CompoundVariable: Note: Function class names must not contain the string: '.gui.'
2026-07-10 15:12:22,407 INFO o.a.j.r.ClassFinder: Will scan jar C:\Users\rutul\Downloads\softwares\Jmeter\apache-jmeter-5.6.3\apache-jmeter-5.6.3\lib\ext\jmeter-plugins-manager-1.11.jar with filter ExtendsClassFilter [parents=[interface org.apache.jmeter.functions.Function], inner=false, contains=null, notContains=null]. Consider exposing JMeter plugins via META-INF/services, and add JMeter-Skip-Class-Scanning=true manifest attribute so JMeter can skip classfile scanning
2026-07-10 15:12:22,502 INFO o.a.j.JMeter: Running test (1783676542502)
2026-07-10 15:12:22,524 INFO o.a.j.e.StandardJMeterEngine: Starting ThreadGroup: 1 : Thread Group
2026-07-10 15:12:22,524 INFO o.a.j.e.StandardJMeterEngine: Starting 10 threads for group Thread Group.
2026-07-10 15:12:22,524 INFO o.a.j.e.StandardJMeterEngine: Thread will continue on error
2026-07-10 15:12:22,524 INFO o.a.j.t.ThreadGroup: Starting thread group... number=1 threads=10 ramp-up=10 delayedStart=false
2026-07-10 15:12:22,541 INFO o.a.j.t.JMeterThread: Thread started: Thread Group 1-1
2026-07-10 15:12:22,541 INFO o.a.j.t.ThreadGroup: Started thread group number 1
2026-07-10 15:12:22,541 INFO o.a.j.e.StandardJMeterEngine: Starting ThreadGroup: 2 : Stress - 50 Users
2026-07-10 15:12:22,541 INFO o.a.j.e.StandardJMeterEngine: Starting 50 threads for group Stress - 50 Users.
2026-07-10 15:12:22,541 INFO o.a.j.e.StandardJMeterEngine: Thread will continue on error
2026-07-10 15:12:22,541 INFO o.a.j.t.ThreadGroup: Starting thread group... number=2 threads=50 ramp-up=20 delayedStart=false
2026-07-10 15:12:22,541 INFO o.a.j.t.JMeterThread: Thread started: Stress - 50 Users 2-1
2026-07-10 15:12:22,567 INFO o.a.j.t.ThreadGroup: Started thread group number 2
2026-07-10 15:12:22,567 INFO o.a.j.e.StandardJMeterEngine: All thread groups have been started
2026-07-10 15:12:22,577 INFO o.a.j.p.h.s.HTTPHCAbstractImpl: Local host = Rutul
2026-07-10 15:12:22,577 INFO o.a.j.p.h.s.HTTPHC4Impl: HTTP request retry count = 0
2026-07-10 15:12:22,586 INFO o.a.j.s.SampleResult: Note: Sample TimeStamps are START times
2026-07-10 15:12:22,586 INFO o.a.j.s.SampleResult: sampleresult.default.encoding is set to UTF-8
2026-07-10 15:12:22,586 INFO o.a.j.s.SampleResult: sampleresult.useNanoTime=true
2026-07-10 15:12:22,589 INFO o.a.j.s.SampleResult: sampleresult.nanoThreadSleep=5000
2026-07-10 15:12:22,769 INFO o.a.j.p.h.s.h.LazyLayeredConnectionSocketFactory: Setting up HTTPS TrustAll Socket Factory
2026-07-10 15:12:22,785 INFO o.a.j.u.JsseSSLManager: Using default SSL protocol: TLS
2026-07-10 15:12:22,785 INFO o.a.j.u.JsseSSLManager: SSL session context: per-thread
2026-07-10 15:12:22,889 INFO o.a.j.u.SSLManager: JmeterKeyStore Location:  type JKS
2026-07-10 15:12:22,893 INFO o.a.j.u.SSLManager: KeyStore created OK
2026-07-10 15:12:22,893 WARN o.a.j.u.SSLManager: Keystore file not found, loading empty keystore
2026-07-10 15:12:22,946 INFO o.a.j.t.JMeterThread: Thread started: Stress - 50 Users 2-2
2026-07-10 15:12:23,351 INFO o.a.j.t.JMeterThread: Thread started: Stress - 50 Users 2-3
2026-07-10 15:12:23,543 INFO o.a.j.t.JMeterThread: Thread started: Thread Group 1-2
2026-07-10 15:12:23,718 INFO o.a.j.t.JMeterThread: Thread is done: Thread Group 1-1
2026-07-10 15:12:23,718 INFO o.a.j.t.JMeterThread: Thread finished: Thread Group 1-1
2026-07-10 15:12:23,732 INFO o.a.j.t.JMeterThread: Thread is done: Stress - 50 Users 2-1
2026-07-10 15:12:23,732 INFO o.a.j.t.JMeterThread: Thread finished: Stress - 50 Users 2-1
2026-07-10 15:12:23,744 INFO o.a.j.t.JMeterThread: Thread started: Stress - 50 Users 2-4
2026-07-10 15:12:23,751 INFO o.a.j.t.JMeterThread: Thread is done: Stress - 50 Users 2-2
2026-07-10 15:12:23,751 INFO o.a.j.t.JMeterThread: Thread finished: Stress - 50 Users 2-2
2026-07-10 15:12:23,885 INFO o.a.j.t.JMeterThread: Thread is done: Thread Group 1-2
2026-07-10 15:12:23,885 INFO o.a.j.t.JMeterThread: Thread finished: Thread Group 1-2
2026-07-10 15:12:23,930 INFO o.a.j.t.JMeterThread: Thread is done: Stress - 50 Users 2-3
2026-07-10 15:12:23,930 INFO o.a.j.t.JMeterThread: Thread finished: Stress - 50 Users 2-3
2026-07-10 15:12:24,118 INFO o.a.j.t.JMeterThread: Thread is done: Stress - 50 Users 2-4
2026-07-10 15:12:24,118 INFO o.a.j.t.JMeterThread: Thread finished: Stress - 50 Users 2-4
2026-07-10 15:12:24,142 INFO o.a.j.t.JMeterThread: Thread started: Stress - 50 Users 2-5
2026-07-10 15:12:24,532 INFO o.a.j.t.JMeterThread: Thread started: Thread Group 1-3
2026-07-10 15:12:24,543 INFO o.a.j.t.JMeterThread: Thread started: Stress - 50 Users 2-6
2026-07-10 15:12:24,752 INFO o.a.j.t.JMeterThread: Thread is done: Stress - 50 Users 2-5
2026-07-10 15:12:24,752 INFO o.a.j.t.JMeterThread: Thread finished: Stress - 50 Users 2-5
2026-07-10 15:12:24,842 INFO o.a.j.t.JMeterThread: Thread is done: Thread Group 1-3
2026-07-10 15:12:24,842 INFO o.a.j.t.JMeterThread: Thread finished: Thread Group 1-3
2026-07-10 15:12:24,844 INFO o.a.j.t.JMeterThread: Thread is done: Stress - 50 Users 2-6
2026-07-10 15:12:24,844 INFO o.a.j.t.JMeterThread: Thread finished: Stress - 50 Users 2-6
2026-07-10 15:12:24,943 INFO o.a.j.t.JMeterThread: Thread started: Stress - 50 Users 2-7
2026-07-10 15:12:25,264 INFO o.a.j.t.JMeterThread: Thread is done: Stress - 50 Users 2-7
2026-07-10 15:12:25,264 INFO o.a.j.t.JMeterThread: Thread finished: Stress - 50 Users 2-7
2026-07-10 15:12:25,341 INFO o.a.j.t.JMeterThread: Thread started: Stress - 50 Users 2-8
2026-07-10 15:12:25,529 INFO o.a.j.t.JMeterThread: Thread started: Thread Group 1-4
2026-07-10 15:12:25,643 INFO o.a.j.t.JMeterThread: Thread is done: Stress - 50 Users 2-8
2026-07-10 15:12:25,643 INFO o.a.j.t.JMeterThread: Thread finished: Stress - 50 Users 2-8
2026-07-10 15:12:25,741 INFO o.a.j.t.JMeterThread: Thread started: Stress - 50 Users 2-9
2026-07-10 15:12:25,857 INFO o.a.j.t.JMeterThread: Thread is done: Thread Group 1-4
2026-07-10 15:12:25,858 INFO o.a.j.t.JMeterThread: Thread finished: Thread Group 1-4
2026-07-10 15:12:26,067 INFO o.a.j.t.JMeterThread: Thread is done: Stress - 50 Users 2-9
2026-07-10 15:12:26,067 INFO o.a.j.t.JMeterThread: Thread finished: Stress - 50 Users 2-9
2026-07-10 15:12:26,155 INFO o.a.j.t.JMeterThread: Thread started: Stress - 50 Users 2-10
2026-07-10 15:12:26,428 INFO o.a.j.t.JMeterThread: Thread is done: Stress - 50 Users 2-10
2026-07-10 15:12:26,428 INFO o.a.j.t.JMeterThread: Thread finished: Stress - 50 Users 2-10
2026-07-10 15:12:26,527 INFO o.a.j.t.JMeterThread: Thread started: Thread Group 1-5
2026-07-10 15:12:26,543 INFO o.a.j.t.JMeterThread: Thread started: Stress - 50 Users 2-11
2026-07-10 15:12:26,825 INFO o.a.j.t.JMeterThread: Thread is done: Stress - 50 Users 2-11
2026-07-10 15:12:26,825 INFO o.a.j.t.JMeterThread: Thread finished: Stress - 50 Users 2-11
2026-07-10 15:12:26,826 INFO o.a.j.t.JMeterThread: Thread is done: Thread Group 1-5
2026-07-10 15:12:26,826 INFO o.a.j.t.JMeterThread: Thread finished: Thread Group 1-5
2026-07-10 15:12:26,942 INFO o.a.j.t.JMeterThread: Thread started: Stress - 50 Users 2-12
2026-07-10 15:12:27,245 INFO o.a.j.t.JMeterThread: Thread is done: Stress - 50 Users 2-12
2026-07-10 15:12:27,245 INFO o.a.j.t.JMeterThread: Thread finished: Stress - 50 Users 2-12
2026-07-10 15:12:27,342 INFO o.a.j.t.JMeterThread: Thread started: Stress - 50 Users 2-13
2026-07-10 15:12:27,528 INFO o.a.j.t.JMeterThread: Thread started: Thread Group 1-6
2026-07-10 15:12:27,743 INFO o.a.j.t.JMeterThread: Thread started: Stress - 50 Users 2-14
2026-07-10 15:12:27,845 INFO o.a.j.t.JMeterThread: Thread is done: Thread Group 1-6
2026-07-10 15:12:27,845 INFO o.a.j.t.JMeterThread: Thread finished: Thread Group 1-6
2026-07-10 15:12:27,951 INFO o.a.j.t.JMeterThread: Thread is done: Stress - 50 Users 2-13
2026-07-10 15:12:27,951 INFO o.a.j.t.JMeterThread: Thread finished: Stress - 50 Users 2-13
2026-07-10 15:12:28,062 INFO o.a.j.t.JMeterThread: Thread is done: Stress - 50 Users 2-14
2026-07-10 15:12:28,062 INFO o.a.j.t.JMeterThread: Thread finished: Stress - 50 Users 2-14
2026-07-10 15:12:28,141 INFO o.a.j.t.JMeterThread: Thread started: Stress - 50 Users 2-15
2026-07-10 15:12:28,458 INFO o.a.j.t.JMeterThread: Thread is done: Stress - 50 Users 2-15
2026-07-10 15:12:28,458 INFO o.a.j.t.JMeterThread: Thread finished: Stress - 50 Users 2-15
2026-07-10 15:12:28,525 INFO o.a.j.t.JMeterThread: Thread started: Thread Group 1-7
2026-07-10 15:12:28,541 INFO o.a.j.t.JMeterThread: Thread started: Stress - 50 Users 2-16
2026-07-10 15:12:28,884 INFO o.a.j.t.JMeterThread: Thread is done: Stress - 50 Users 2-16
2026-07-10 15:12:28,884 INFO o.a.j.t.JMeterThread: Thread finished: Stress - 50 Users 2-16
2026-07-10 15:12:28,886 INFO o.a.j.t.JMeterThread: Thread is done: Thread Group 1-7
2026-07-10 15:12:28,886 INFO o.a.j.t.JMeterThread: Thread finished: Thread Group 1-7
2026-07-10 15:12:28,946 INFO o.a.j.t.JMeterThread: Thread started: Stress - 50 Users 2-17
2026-07-10 15:12:29,282 INFO o.a.j.t.JMeterThread: Thread is done: Stress - 50 Users 2-17
2026-07-10 15:12:29,283 INFO o.a.j.t.JMeterThread: Thread finished: Stress - 50 Users 2-17
2026-07-10 15:12:29,347 INFO o.a.j.t.JMeterThread: Thread started: Stress - 50 Users 2-18
2026-07-10 15:12:29,526 INFO o.a.j.t.JMeterThread: Thread started: Thread Group 1-8
2026-07-10 15:12:29,668 INFO o.a.j.t.JMeterThread: Thread is done: Stress - 50 Users 2-18
2026-07-10 15:12:29,668 INFO o.a.j.t.JMeterThread: Thread finished: Stress - 50 Users 2-18
2026-07-10 15:12:29,741 INFO o.a.j.t.JMeterThread: Thread started: Stress - 50 Users 2-19
2026-07-10 15:12:29,872 INFO o.a.j.t.JMeterThread: Thread is done: Thread Group 1-8
2026-07-10 15:12:29,872 INFO o.a.j.t.JMeterThread: Thread finished: Thread Group 1-8
2026-07-10 15:12:30,016 INFO o.a.j.r.Summariser: summary +    133 in 00:00:08 =   17.7/s Avg:    84 Min:    29 Max:   868 Err:     0 (0.00%) Active: 1 Started: 27 Finished: 26
2026-07-10 15:12:30,134 INFO o.a.j.t.JMeterThread: Thread is done: Stress - 50 Users 2-19
2026-07-10 15:12:30,134 INFO o.a.j.t.JMeterThread: Thread finished: Stress - 50 Users 2-19
2026-07-10 15:12:30,144 INFO o.a.j.t.JMeterThread: Thread started: Stress - 50 Users 2-20
2026-07-10 15:12:30,441 INFO o.a.j.t.JMeterThread: Thread is done: Stress - 50 Users 2-20
2026-07-10 15:12:30,441 INFO o.a.j.t.JMeterThread: Thread finished: Stress - 50 Users 2-20
2026-07-10 15:12:30,524 INFO o.a.j.t.JMeterThread: Thread started: Thread Group 1-9
2026-07-10 15:12:30,556 INFO o.a.j.t.JMeterThread: Thread started: Stress - 50 Users 2-21
2026-07-10 15:12:30,825 INFO o.a.j.t.JMeterThread: Thread is done: Thread Group 1-9
2026-07-10 15:12:30,825 INFO o.a.j.t.JMeterThread: Thread finished: Thread Group 1-9
2026-07-10 15:12:30,879 INFO o.a.j.t.JMeterThread: Thread is done: Stress - 50 Users 2-21
2026-07-10 15:12:30,879 INFO o.a.j.t.JMeterThread: Thread finished: Stress - 50 Users 2-21
2026-07-10 15:12:30,943 INFO o.a.j.t.JMeterThread: Thread started: Stress - 50 Users 2-22
2026-07-10 15:12:31,258 INFO o.a.j.t.JMeterThread: Thread is done: Stress - 50 Users 2-22
2026-07-10 15:12:31,259 INFO o.a.j.t.JMeterThread: Thread finished: Stress - 50 Users 2-22
2026-07-10 15:12:31,343 INFO o.a.j.t.JMeterThread: Thread started: Stress - 50 Users 2-23
2026-07-10 15:12:31,534 INFO o.a.j.t.JMeterThread: Thread started: Thread Group 1-10
2026-07-10 15:12:31,652 INFO o.a.j.t.JMeterThread: Thread is done: Stress - 50 Users 2-23
2026-07-10 15:12:31,652 INFO o.a.j.t.JMeterThread: Thread finished: Stress - 50 Users 2-23
2026-07-10 15:12:31,742 INFO o.a.j.t.JMeterThread: Thread started: Stress - 50 Users 2-24
2026-07-10 15:12:31,832 INFO o.a.j.t.JMeterThread: Thread is done: Thread Group 1-10
2026-07-10 15:12:31,832 INFO o.a.j.t.JMeterThread: Thread finished: Thread Group 1-10
2026-07-10 15:12:32,100 INFO o.a.j.t.JMeterThread: Thread is done: Stress - 50 Users 2-24
2026-07-10 15:12:32,100 INFO o.a.j.t.JMeterThread: Thread finished: Stress - 50 Users 2-24
2026-07-10 15:12:32,142 INFO o.a.j.t.JMeterThread: Thread started: Stress - 50 Users 2-25
2026-07-10 15:12:32,428 INFO o.a.j.t.JMeterThread: Thread is done: Stress - 50 Users 2-25
2026-07-10 15:12:32,428 INFO o.a.j.t.JMeterThread: Thread finished: Stress - 50 Users 2-25
2026-07-10 15:12:32,543 INFO o.a.j.t.JMeterThread: Thread started: Stress - 50 Users 2-26
2026-07-10 15:12:32,835 INFO o.a.j.t.JMeterThread: Thread is done: Stress - 50 Users 2-26
2026-07-10 15:12:32,836 INFO o.a.j.t.JMeterThread: Thread finished: Stress - 50 Users 2-26
2026-07-10 15:12:32,943 INFO o.a.j.t.JMeterThread: Thread started: Stress - 50 Users 2-27
2026-07-10 15:12:33,236 INFO o.a.j.t.JMeterThread: Thread is done: Stress - 50 Users 2-27
2026-07-10 15:12:33,236 INFO o.a.j.t.JMeterThread: Thread finished: Stress - 50 Users 2-27
2026-07-10 15:12:33,342 INFO o.a.j.t.JMeterThread: Thread started: Stress - 50 Users 2-28
2026-07-10 15:12:33,653 INFO o.a.j.t.JMeterThread: Thread is done: Stress - 50 Users 2-28
2026-07-10 15:12:33,653 INFO o.a.j.t.JMeterThread: Thread finished: Stress - 50 Users 2-28
2026-07-10 15:12:33,742 INFO o.a.j.t.JMeterThread: Thread started: Stress - 50 Users 2-29
2026-07-10 15:12:34,032 INFO o.a.j.t.JMeterThread: Thread is done: Stress - 50 Users 2-29
2026-07-10 15:12:34,032 INFO o.a.j.t.JMeterThread: Thread finished: Stress - 50 Users 2-29
2026-07-10 15:12:34,141 INFO o.a.j.t.JMeterThread: Thread started: Stress - 50 Users 2-30
2026-07-10 15:12:34,463 INFO o.a.j.t.JMeterThread: Thread is done: Stress - 50 Users 2-30
2026-07-10 15:12:34,464 INFO o.a.j.t.JMeterThread: Thread finished: Stress - 50 Users 2-30
2026-07-10 15:12:34,542 INFO o.a.j.t.JMeterThread: Thread started: Stress - 50 Users 2-31
2026-07-10 15:12:34,888 INFO o.a.j.t.JMeterThread: Thread is done: Stress - 50 Users 2-31
2026-07-10 15:12:34,888 INFO o.a.j.t.JMeterThread: Thread finished: Stress - 50 Users 2-31
2026-07-10 15:12:34,942 INFO o.a.j.t.JMeterThread: Thread started: Stress - 50 Users 2-32
2026-07-10 15:12:35,238 INFO o.a.j.t.JMeterThread: Thread is done: Stress - 50 Users 2-32
2026-07-10 15:12:35,239 INFO o.a.j.t.JMeterThread: Thread finished: Stress - 50 Users 2-32
2026-07-10 15:12:35,342 INFO o.a.j.t.JMeterThread: Thread started: Stress - 50 Users 2-33
2026-07-10 15:12:35,647 INFO o.a.j.t.JMeterThread: Thread is done: Stress - 50 Users 2-33
2026-07-10 15:12:35,648 INFO o.a.j.t.JMeterThread: Thread finished: Stress - 50 Users 2-33
2026-07-10 15:12:35,745 INFO o.a.j.t.JMeterThread: Thread started: Stress - 50 Users 2-34
2026-07-10 15:12:36,112 INFO o.a.j.t.JMeterThread: Thread is done: Stress - 50 Users 2-34
2026-07-10 15:12:36,112 INFO o.a.j.t.JMeterThread: Thread finished: Stress - 50 Users 2-34
2026-07-10 15:12:36,141 INFO o.a.j.t.JMeterThread: Thread started: Stress - 50 Users 2-35
2026-07-10 15:12:36,531 INFO o.a.j.t.JMeterThread: Thread is done: Stress - 50 Users 2-35
2026-07-10 15:12:36,531 INFO o.a.j.t.JMeterThread: Thread finished: Stress - 50 Users 2-35
2026-07-10 15:12:36,542 INFO o.a.j.t.JMeterThread: Thread started: Stress - 50 Users 2-36
2026-07-10 15:12:36,908 INFO o.a.j.t.JMeterThread: Thread is done: Stress - 50 Users 2-36
2026-07-10 15:12:36,908 INFO o.a.j.t.JMeterThread: Thread finished: Stress - 50 Users 2-36
2026-07-10 15:12:36,941 INFO o.a.j.t.JMeterThread: Thread started: Stress - 50 Users 2-37
2026-07-10 15:12:37,220 INFO o.a.j.t.JMeterThread: Thread is done: Stress - 50 Users 2-37
2026-07-10 15:12:37,220 INFO o.a.j.t.JMeterThread: Thread finished: Stress - 50 Users 2-37
2026-07-10 15:12:37,341 INFO o.a.j.t.JMeterThread: Thread started: Stress - 50 Users 2-38
2026-07-10 15:12:37,631 INFO o.a.j.t.JMeterThread: Thread is done: Stress - 50 Users 2-38
2026-07-10 15:12:37,631 INFO o.a.j.t.JMeterThread: Thread finished: Stress - 50 Users 2-38
2026-07-10 15:12:37,741 INFO o.a.j.t.JMeterThread: Thread started: Stress - 50 Users 2-39
2026-07-10 15:12:38,104 INFO o.a.j.t.JMeterThread: Thread is done: Stress - 50 Users 2-39
2026-07-10 15:12:38,104 INFO o.a.j.t.JMeterThread: Thread finished: Stress - 50 Users 2-39
2026-07-10 15:12:38,141 INFO o.a.j.t.JMeterThread: Thread started: Stress - 50 Users 2-40
2026-07-10 15:12:38,446 INFO o.a.j.t.JMeterThread: Thread is done: Stress - 50 Users 2-40
2026-07-10 15:12:38,447 INFO o.a.j.t.JMeterThread: Thread finished: Stress - 50 Users 2-40
2026-07-10 15:12:38,542 INFO o.a.j.t.JMeterThread: Thread started: Stress - 50 Users 2-41
2026-07-10 15:12:38,831 INFO o.a.j.t.JMeterThread: Thread is done: Stress - 50 Users 2-41
2026-07-10 15:12:38,831 INFO o.a.j.t.JMeterThread: Thread finished: Stress - 50 Users 2-41
2026-07-10 15:12:38,944 INFO o.a.j.t.JMeterThread: Thread started: Stress - 50 Users 2-42
2026-07-10 15:12:39,281 INFO o.a.j.t.JMeterThread: Thread is done: Stress - 50 Users 2-42
2026-07-10 15:12:39,281 INFO o.a.j.t.JMeterThread: Thread finished: Stress - 50 Users 2-42
2026-07-10 15:12:39,362 INFO o.a.j.t.JMeterThread: Thread started: Stress - 50 Users 2-43
2026-07-10 15:12:39,737 INFO o.a.j.t.JMeterThread: Thread is done: Stress - 50 Users 2-43
2026-07-10 15:12:39,737 INFO o.a.j.t.JMeterThread: Thread finished: Stress - 50 Users 2-43
2026-07-10 15:12:39,752 INFO o.a.j.t.JMeterThread: Thread started: Stress - 50 Users 2-44
2026-07-10 15:12:40,089 INFO o.a.j.t.JMeterThread: Thread is done: Stress - 50 Users 2-44
2026-07-10 15:12:40,089 INFO o.a.j.t.JMeterThread: Thread finished: Stress - 50 Users 2-44
2026-07-10 15:12:40,151 INFO o.a.j.t.JMeterThread: Thread started: Stress - 50 Users 2-45
2026-07-10 15:12:40,419 INFO o.a.j.t.JMeterThread: Thread is done: Stress - 50 Users 2-45
2026-07-10 15:12:40,419 INFO o.a.j.t.JMeterThread: Thread finished: Stress - 50 Users 2-45
2026-07-10 15:12:40,542 INFO o.a.j.t.JMeterThread: Thread started: Stress - 50 Users 2-46
2026-07-10 15:12:40,837 INFO o.a.j.t.JMeterThread: Thread is done: Stress - 50 Users 2-46
2026-07-10 15:12:40,837 INFO o.a.j.t.JMeterThread: Thread finished: Stress - 50 Users 2-46
2026-07-10 15:12:40,943 INFO o.a.j.t.JMeterThread: Thread started: Stress - 50 Users 2-47
2026-07-10 15:12:41,229 INFO o.a.j.t.JMeterThread: Thread is done: Stress - 50 Users 2-47
2026-07-10 15:12:41,229 INFO o.a.j.t.JMeterThread: Thread finished: Stress - 50 Users 2-47
2026-07-10 15:12:41,342 INFO o.a.j.t.JMeterThread: Thread started: Stress - 50 Users 2-48
2026-07-10 15:12:41,683 INFO o.a.j.t.JMeterThread: Thread is done: Stress - 50 Users 2-48
2026-07-10 15:12:41,683 INFO o.a.j.t.JMeterThread: Thread finished: Stress - 50 Users 2-48
2026-07-10 15:12:41,742 INFO o.a.j.t.JMeterThread: Thread started: Stress - 50 Users 2-49
2026-07-10 15:12:42,088 INFO o.a.j.t.JMeterThread: Thread is done: Stress - 50 Users 2-49
2026-07-10 15:12:42,088 INFO o.a.j.t.JMeterThread: Thread finished: Stress - 50 Users 2-49
2026-07-10 15:12:42,145 INFO o.a.j.t.JMeterThread: Thread started: Stress - 50 Users 2-50
2026-07-10 15:12:42,482 INFO o.a.j.t.JMeterThread: Thread is done: Stress - 50 Users 2-50
2026-07-10 15:12:42,482 INFO o.a.j.t.JMeterThread: Thread finished: Stress - 50 Users 2-50
2026-07-10 15:12:42,482 INFO o.a.j.e.StandardJMeterEngine: Notifying test listeners of end of test
2026-07-10 15:12:42,482 INFO o.a.j.r.Summariser: summary +    167 in 00:00:12 =   13.4/s Avg:    62 Min:    27 Max:   160 Err:     0 (0.00%) Active: 0 Started: 60 Finished: 60
2026-07-10 15:12:42,482 INFO o.a.j.r.Summariser: summary =    300 in 00:00:20 =   15.0/s Avg:    72 Min:    27 Max:   868 Err:     0 (0.00%)
2026-07-10 15:12:42,482 INFO o.a.j.JMeter: Generating Dashboard
2026-07-10 15:12:42,482 INFO o.a.j.r.d.ReportGenerator: Flushing result collector before report Generation
2026-07-10 15:12:42,499 INFO o.a.j.r.p.NormalizerSampleConsumer: Using format, 'ms', to parse timeStamp field
2026-07-10 15:12:42,596 INFO o.a.j.r.p.AbstractSampleConsumer: class org.apache.jmeter.report.processor.AggregateConsumer#stopProducing(): beginDate produced 0 samples
2026-07-10 15:12:42,596 INFO o.a.j.r.p.AbstractSampleConsumer: class org.apache.jmeter.report.processor.AggregateConsumer#stopProducing(): endDate produced 0 samples
2026-07-10 15:12:42,596 INFO o.a.j.r.p.AbstractSampleConsumer: class org.apache.jmeter.report.processor.ApdexSummaryConsumer#stopProducing(): apdexSummary produced 0 samples
2026-07-10 15:12:42,596 INFO o.a.j.r.p.AbstractSampleConsumer: class org.apache.jmeter.report.processor.RequestsSummaryConsumer#stopProducing(): requestsSummary produced 0 samples
2026-07-10 15:12:42,613 INFO o.a.j.r.p.AbstractSampleConsumer: class org.apache.jmeter.report.processor.StatisticsSummaryConsumer#stopProducing(): statisticsSummary produced 0 samples
2026-07-10 15:12:42,613 INFO o.a.j.r.p.AbstractSampleConsumer: class org.apache.jmeter.report.processor.Top5ErrorsBySamplerConsumer#stopProducing(): top5ErrorsBySampler produced 0 samples
2026-07-10 15:12:42,613 INFO o.a.j.r.p.AbstractSampleConsumer: class org.apache.jmeter.report.processor.ErrorsSummaryConsumer#stopProducing(): errorsSummary produced 0 samples
2026-07-10 15:12:42,613 INFO o.a.j.r.p.AbstractSampleConsumer: class org.apache.jmeter.report.processor.graph.impl.HitsPerSecondGraphConsumer#stopProducing(): hitsPerSecond produced 0 samples
2026-07-10 15:12:42,641 INFO o.a.j.r.p.AbstractSampleConsumer: class org.apache.jmeter.report.processor.graph.impl.LatencyVSRequestGraphConsumer#stopProducing(): latencyVsRequest produced 0 samples
2026-07-10 15:12:42,641 INFO o.a.j.r.p.AbstractSampleConsumer: class org.apache.jmeter.report.processor.graph.impl.SyntheticResponseTimeDistributionGraphConsumer#stopProducing(): syntheticResponseTimeDistribution produced 0 samples
2026-07-10 15:12:42,641 INFO o.a.j.r.p.AbstractSampleConsumer: class org.apache.jmeter.report.processor.graph.impl.BytesThroughputGraphConsumer#stopProducing(): bytesThroughputOverTime produced 0 samples
2026-07-10 15:12:42,641 INFO o.a.j.r.p.AbstractSampleConsumer: class org.apache.jmeter.report.processor.graph.impl.CodesPerSecondGraphConsumer#stopProducing(): codesPerSecond produced 0 samples
2026-07-10 15:12:42,641 INFO o.a.j.r.p.AbstractSampleConsumer: class org.apache.jmeter.report.processor.graph.impl.ResponseTimeVSRequestGraphConsumer#stopProducing(): responseTimeVsRequest produced 0 samples
2026-07-10 15:12:42,641 INFO o.a.j.r.p.AbstractSampleConsumer: class org.apache.jmeter.report.processor.FilterConsumer#stopProducing(): startIntervalControlerFilter produced 2100 samples
2026-07-10 15:12:42,641 INFO o.a.j.r.p.AbstractSampleConsumer: class org.apache.jmeter.report.processor.graph.impl.TotalTPSGraphConsumer#stopProducing(): totalTPS produced 0 samples
2026-07-10 15:12:42,641 INFO o.a.j.r.p.AbstractSampleConsumer: class org.apache.jmeter.report.processor.graph.impl.ActiveThreadsGraphConsumer#stopProducing(): activeThreadsOverTime produced 0 samples
2026-07-10 15:12:42,641 INFO o.a.j.r.p.AbstractSampleConsumer: class org.apache.jmeter.report.processor.graph.impl.TimeVSThreadGraphConsumer#stopProducing(): timeVsThreads produced 0 samples
2026-07-10 15:12:42,641 INFO o.a.j.r.p.AbstractSampleConsumer: class org.apache.jmeter.report.processor.graph.impl.ResponseTimeDistributionGraphConsumer#stopProducing(): responseTimeDistribution produced 0 samples
2026-07-10 15:12:42,641 INFO o.a.j.r.p.AbstractSampleConsumer: class org.apache.jmeter.report.processor.graph.impl.TransactionsPerSecondGraphConsumer#stopProducing(): transactionsPerSecond produced 0 samples
2026-07-10 15:12:42,641 INFO o.a.j.r.p.AbstractSampleConsumer: class org.apache.jmeter.report.processor.graph.impl.ResponseTimePercentilesGraphConsumer#stopProducing(): responseTimePercentiles produced 0 samples
2026-07-10 15:12:42,641 INFO o.a.j.r.p.AbstractSampleConsumer: class org.apache.jmeter.report.processor.graph.impl.ResponseTimePercentilesOverTimeGraphConsumer#stopProducing(): responseTimePercentilesOverTime produced 0 samples
2026-07-10 15:12:42,641 INFO o.a.j.r.p.AbstractSampleConsumer: class org.apache.jmeter.report.processor.graph.impl.ResponseTimeOverTimeGraphConsumer#stopProducing(): responseTimesOverTime produced 0 samples
2026-07-10 15:12:42,641 INFO o.a.j.r.p.AbstractSampleConsumer: class org.apache.jmeter.report.processor.graph.impl.ConnectTimeOverTimeGraphConsumer#stopProducing(): connectTimeOverTime produced 0 samples
2026-07-10 15:12:42,641 INFO o.a.j.r.p.AbstractSampleConsumer: class org.apache.jmeter.report.processor.graph.impl.LatencyOverTimeGraphConsumer#stopProducing(): latenciesOverTime produced 0 samples
2026-07-10 15:12:42,641 INFO o.a.j.r.p.AbstractSampleConsumer: class org.apache.jmeter.report.processor.FilterConsumer#stopProducing(): nameFilter produced 4500 samples
2026-07-10 15:12:42,641 INFO o.a.j.r.p.AbstractSampleConsumer: class org.apache.jmeter.report.processor.FilterConsumer#stopProducing(): dateRangeFilter produced 900 samples
2026-07-10 15:12:42,641 INFO o.a.j.r.p.AbstractSampleConsumer: class org.apache.jmeter.report.processor.NormalizerSampleConsumer#stopProducing(): normalizer produced 300 samples
2026-07-10 15:12:42,641 INFO o.a.j.r.p.CsvFileSampleSource: produce(): 300 samples produced in 111ms on channel 0
2026-07-10 15:12:42,641 INFO o.a.j.r.d.ReportGenerator: Exporting data using exporter:'json' of className:'org.apache.jmeter.report.dashboard.JsonExporter'
2026-07-10 15:12:42,721 INFO o.a.j.r.d.JsonExporter: Found data for consumer statisticsSummary in context
2026-07-10 15:12:42,721 INFO o.a.j.r.d.JsonExporter: Creating statistics for overall
2026-07-10 15:12:42,721 INFO o.a.j.r.d.JsonExporter: Creating statistics for other transactions
2026-07-10 15:12:42,721 INFO o.a.j.r.d.JsonExporter: Checking output folder
2026-07-10 15:12:42,721 INFO o.a.j.r.d.JsonExporter: Writing statistics JSON to C:\Users\rutul\Documents\Jobs\Rutull\India\Fynext\MissionQa--Rutull-master\MissionQa--Rutull-master\jmeter\html-report\statistics.json
2026-07-10 15:12:42,753 INFO o.a.j.r.d.ReportGenerator: Exporting data using exporter:'html' of className:'org.apache.jmeter.report.dashboard.HtmlTemplateExporter'
2026-07-10 15:12:42,753 INFO o.a.j.r.d.HtmlTemplateExporter: Will generate dashboard in folder: C:\Users\rutul\Documents\Jobs\Rutull\India\Fynext\MissionQa--Rutull-master\MissionQa--Rutull-master\jmeter\html-report
2026-07-10 15:12:42,880 INFO o.a.j.r.d.HtmlTemplateExporter: Report will be generated in: C:\Users\rutul\Documents\Jobs\Rutull\India\Fynext\MissionQa--Rutull-master\MissionQa--Rutull-master\jmeter\html-report, creating folder structure
2026-07-10 15:12:42,880 INFO o.a.j.r.d.TemplateVisitor: Copying folder from 'C:\Users\rutul\Downloads\softwares\Jmeter\apache-jmeter-5.6.3\apache-jmeter-5.6.3\bin\report-template' to 'C:\Users\rutul\Documents\Jobs\Rutull\India\Fynext\MissionQa--Rutull-master\MissionQa--Rutull-master\jmeter\html-report', got message: C:\Users\rutul\Documents\Jobs\Rutull\India\Fynext\MissionQa--Rutull-master\MissionQa--Rutull-master\jmeter\html-report, found non empty folder with following content [C:\Users\rutul\Documents\Jobs\Rutull\India\Fynext\MissionQa--Rutull-master\MissionQa--Rutull-master\jmeter\html-report\statistics.json], will be ignored
2026-07-10 15:12:43,149 INFO o.a.j.JMeter: Dashboard generated
